{"/Users/joe/Documents/GildedRose-Refactoring-Kata/src/backstage.js": {"path":"/Users/joe/Documents/GildedRose-Refactoring-Kata/src/backstage.js","statementMap":{"0":{"start":{"line":3,"column":4},"end":{"line":3,"column":21}},"1":{"start":{"line":7,"column":4},"end":{"line":7,"column":26}},"2":{"start":{"line":8,"column":4},"end":{"line":16,"column":26}},"3":{"start":{"line":20,"column":4},"end":{"line":20,"column":27}},"4":{"start":{"line":23,"column":4},"end":{"line":23,"column":27}},"5":{"start":{"line":27,"column":4},"end":{"line":27,"column":27}},"6":{"start":{"line":31,"column":4},"end":{"line":31,"column":27}},"7":{"start":{"line":35,"column":4},"end":{"line":35,"column":26}},"8":{"start":{"line":39,"column":0},"end":{"line":39,"column":27}}},"fnMap":{"0":{"name":"(anonymous_0)","decl":{"start":{"line":2,"column":2},"end":{"line":2,"column":3}},"loc":{"start":{"line":2,"column":20},"end":{"line":4,"column":3}},"line":2},"1":{"name":"(anonymous_1)","decl":{"start":{"line":6,"column":2},"end":{"line":6,"column":3}},"loc":{"start":{"line":6,"column":11},"end":{"line":17,"column":3}},"line":6},"2":{"name":"(anonymous_2)","decl":{"start":{"line":19,"column":2},"end":{"line":19,"column":3}},"loc":{"start":{"line":19,"column":28},"end":{"line":21,"column":3}},"line":19},"3":{"name":"(anonymous_3)","decl":{"start":{"line":22,"column":2},"end":{"line":22,"column":3}},"loc":{"start":{"line":22,"column":26},"end":{"line":24,"column":3}},"line":22},"4":{"name":"(anonymous_4)","decl":{"start":{"line":26,"column":2},"end":{"line":26,"column":3}},"loc":{"start":{"line":26,"column":26},"end":{"line":28,"column":3}},"line":26},"5":{"name":"(anonymous_5)","decl":{"start":{"line":30,"column":2},"end":{"line":30,"column":3}},"loc":{"start":{"line":30,"column":15},"end":{"line":32,"column":3}},"line":30},"6":{"name":"(anonymous_6)","decl":{"start":{"line":34,"column":2},"end":{"line":34,"column":3}},"loc":{"start":{"line":34,"column":18},"end":{"line":36,"column":3}},"line":34}},"branchMap":{"0":{"loc":{"start":{"line":8,"column":4},"end":{"line":16,"column":25}},"type":"cond-expr","locations":[{"start":{"line":9,"column":8},"end":{"line":9,"column":28}},{"start":{"line":10,"column":8},"end":{"line":16,"column":25}}],"line":8},"1":{"loc":{"start":{"line":8,"column":4},"end":{"line":8,"column":51}},"type":"binary-expr","locations":[{"start":{"line":8,"column":4},"end":{"line":8,"column":25}},{"start":{"line":8,"column":29},"end":{"line":8,"column":51}}],"line":8},"2":{"loc":{"start":{"line":10,"column":8},"end":{"line":16,"column":25}},"type":"cond-expr","locations":[{"start":{"line":11,"column":8},"end":{"line":11,"column":36}},{"start":{"line":12,"column":8},"end":{"line":16,"column":25}}],"line":10},"3":{"loc":{"start":{"line":10,"column":8},"end":{"line":10,"column":55}},"type":"binary-expr","locations":[{"start":{"line":10,"column":8},"end":{"line":10,"column":29}},{"start":{"line":10,"column":33},"end":{"line":10,"column":55}}],"line":10},"4":{"loc":{"start":{"line":12,"column":8},"end":{"line":16,"column":25}},"type":"cond-expr","locations":[{"start":{"line":13,"column":8},"end":{"line":13,"column":36}},{"start":{"line":14,"column":8},"end":{"line":16,"column":25}}],"line":12},"5":{"loc":{"start":{"line":12,"column":8},"end":{"line":12,"column":56}},"type":"binary-expr","locations":[{"start":{"line":12,"column":8},"end":{"line":12,"column":30}},{"start":{"line":12,"column":34},"end":{"line":12,"column":56}}],"line":12},"6":{"loc":{"start":{"line":14,"column":8},"end":{"line":16,"column":25}},"type":"cond-expr","locations":[{"start":{"line":15,"column":8},"end":{"line":15,"column":38}},{"start":{"line":16,"column":8},"end":{"line":16,"column":25}}],"line":14}},"s":{"0":5,"1":5,"2":5,"3":1,"4":1,"5":1,"6":1,"7":1,"8":1},"f":{"0":5,"1":5,"2":1,"3":1,"4":1,"5":1,"6":1},"b":{"0":[1,4],"1":[5,1],"2":[1,3],"3":[4,1],"4":[1,2],"5":[3,1],"6":[1,1]},"_coverageSchema":"1a1c01bbd47fc00a2c39e90264f33305004495a9","hash":"c8512d570c49208f2217ecf18169e593ae6e4b28"}
,"/Users/joe/Documents/GildedRose-Refactoring-Kata/src/brie.js": {"path":"/Users/joe/Documents/GildedRose-Refactoring-Kata/src/brie.js","statementMap":{"0":{"start":{"line":3,"column":4},"end":{"line":3,"column":21}},"1":{"start":{"line":7,"column":4},"end":{"line":7,"column":26}},"2":{"start":{"line":8,"column":4},"end":{"line":14,"column":26}},"3":{"start":{"line":18,"column":4},"end":{"line":18,"column":27}},"4":{"start":{"line":22,"column":4},"end":{"line":22,"column":27}},"5":{"start":{"line":26,"column":4},"end":{"line":26,"column":27}},"6":{"start":{"line":30,"column":4},"end":{"line":30,"column":27}},"7":{"start":{"line":33,"column":0},"end":{"line":33,"column":22}}},"fnMap":{"0":{"name":"(anonymous_0)","decl":{"start":{"line":2,"column":2},"end":{"line":2,"column":3}},"loc":{"start":{"line":2,"column":20},"end":{"line":4,"column":3}},"line":2},"1":{"name":"(anonymous_1)","decl":{"start":{"line":6,"column":2},"end":{"line":6,"column":3}},"loc":{"start":{"line":6,"column":11},"end":{"line":15,"column":3}},"line":6},"2":{"name":"(anonymous_2)","decl":{"start":{"line":17,"column":2},"end":{"line":17,"column":3}},"loc":{"start":{"line":17,"column":28},"end":{"line":19,"column":3}},"line":17},"3":{"name":"(anonymous_3)","decl":{"start":{"line":21,"column":2},"end":{"line":21,"column":3}},"loc":{"start":{"line":21,"column":26},"end":{"line":23,"column":3}},"line":21},"4":{"name":"(anonymous_4)","decl":{"start":{"line":25,"column":2},"end":{"line":25,"column":3}},"loc":{"start":{"line":25,"column":26},"end":{"line":27,"column":3}},"line":25},"5":{"name":"(anonymous_5)","decl":{"start":{"line":29,"column":2},"end":{"line":29,"column":3}},"loc":{"start":{"line":29,"column":15},"end":{"line":31,"column":3}},"line":29}},"branchMap":{"0":{"loc":{"start":{"line":8,"column":4},"end":{"line":14,"column":25}},"type":"cond-expr","locations":[{"start":{"line":9,"column":8},"end":{"line":9,"column":36}},{"start":{"line":10,"column":8},"end":{"line":14,"column":25}}],"line":8},"1":{"loc":{"start":{"line":8,"column":4},"end":{"line":8,"column":51}},"type":"binary-expr","locations":[{"start":{"line":8,"column":4},"end":{"line":8,"column":25}},{"start":{"line":8,"column":29},"end":{"line":8,"column":51}}],"line":8},"2":{"loc":{"start":{"line":10,"column":8},"end":{"line":14,"column":25}},"type":"cond-expr","locations":[{"start":{"line":11,"column":8},"end":{"line":11,"column":36}},{"start":{"line":12,"column":8},"end":{"line":14,"column":25}}],"line":10},"3":{"loc":{"start":{"line":10,"column":8},"end":{"line":10,"column":56}},"type":"binary-expr","locations":[{"start":{"line":10,"column":8},"end":{"line":10,"column":30}},{"start":{"line":10,"column":34},"end":{"line":10,"column":56}}],"line":10},"4":{"loc":{"start":{"line":12,"column":8},"end":{"line":14,"column":25}},"type":"cond-expr","locations":[{"start":{"line":13,"column":8},"end":{"line":13,"column":38}},{"start":{"line":14,"column":8},"end":{"line":14,"column":25}}],"line":12}},"s":{"0":4,"1":4,"2":4,"3":1,"4":1,"5":1,"6":1,"7":1},"f":{"0":4,"1":4,"2":1,"3":1,"4":1,"5":1},"b":{"0":[1,3],"1":[4,1],"2":[1,2],"3":[3,2],"4":[1,1]},"_coverageSchema":"1a1c01bbd47fc00a2c39e90264f33305004495a9","hash":"01133ad8b4e1a326583e832c6e094d432d6eebaa"}
,"/Users/joe/Documents/GildedRose-Refactoring-Kata/src/conjured.js": {"path":"/Users/joe/Documents/GildedRose-Refactoring-Kata/src/conjured.js","statementMap":{"0":{"start":{"line":3,"column":4},"end":{"line":3,"column":21}},"1":{"start":{"line":6,"column":4},"end":{"line":6,"column":26}},"2":{"start":{"line":7,"column":4},"end":{"line":7,"column":79}},"3":{"start":{"line":11,"column":0},"end":{"line":11,"column":26}}},"fnMap":{"0":{"name":"(anonymous_0)","decl":{"start":{"line":2,"column":2},"end":{"line":2,"column":3}},"loc":{"start":{"line":2,"column":20},"end":{"line":4,"column":3}},"line":2},"1":{"name":"(anonymous_1)","decl":{"start":{"line":5,"column":2},"end":{"line":5,"column":3}},"loc":{"start":{"line":5,"column":11},"end":{"line":8,"column":3}},"line":5}},"branchMap":{"0":{"loc":{"start":{"line":7,"column":4},"end":{"line":7,"column":78}},"type":"cond-expr","locations":[{"start":{"line":7,"column":29},"end":{"line":7,"column":51}},{"start":{"line":7,"column":56},"end":{"line":7,"column":77}}],"line":7}},"s":{"0":2,"1":2,"2":2,"3":1},"f":{"0":2,"1":2},"b":{"0":[1,1]},"_coverageSchema":"1a1c01bbd47fc00a2c39e90264f33305004495a9","hash":"37df2a1eb7a42222cf426ecf73edb4307c201d9e"}
,"/Users/joe/Documents/GildedRose-Refactoring-Kata/src/item.js": {"path":"/Users/joe/Documents/GildedRose-Refactoring-Kata/src/item.js","statementMap":{"0":{"start":{"line":3,"column":4},"end":{"line":3,"column":21}},"1":{"start":{"line":4,"column":4},"end":{"line":4,"column":25}},"2":{"start":{"line":5,"column":4},"end":{"line":5,"column":27}},"3":{"start":{"line":9,"column":0},"end":{"line":9,"column":22}}},"fnMap":{"0":{"name":"(anonymous_0)","decl":{"start":{"line":2,"column":2},"end":{"line":2,"column":3}},"loc":{"start":{"line":2,"column":37},"end":{"line":6,"column":3}},"line":2}},"branchMap":{},"s":{"0":21,"1":21,"2":21,"3":1},"f":{"0":21},"b":{},"_coverageSchema":"1a1c01bbd47fc00a2c39e90264f33305004495a9","hash":"5c5f6b7581d171701ecd6727238d381c0c41e0d3"}
,"/Users/joe/Documents/GildedRose-Refactoring-Kata/src/standardItem.js": {"path":"/Users/joe/Documents/GildedRose-Refactoring-Kata/src/standardItem.js","statementMap":{"0":{"start":{"line":3,"column":4},"end":{"line":3,"column":21}},"1":{"start":{"line":6,"column":4},"end":{"line":6,"column":26}},"2":{"start":{"line":7,"column":4},"end":{"line":15,"column":39}},"3":{"start":{"line":18,"column":4},"end":{"line":18,"column":76}},"4":{"start":{"line":21,"column":4},"end":{"line":21,"column":27}},"5":{"start":{"line":25,"column":4},"end":{"line":25,"column":27}},"6":{"start":{"line":29,"column":4},"end":{"line":29,"column":27}},"7":{"start":{"line":33,"column":4},"end":{"line":33,"column":27}},"8":{"start":{"line":37,"column":4},"end":{"line":37,"column":26}},"9":{"start":{"line":41,"column":0},"end":{"line":41,"column":30}}},"fnMap":{"0":{"name":"(anonymous_0)","decl":{"start":{"line":2,"column":2},"end":{"line":2,"column":3}},"loc":{"start":{"line":2,"column":20},"end":{"line":4,"column":3}},"line":2},"1":{"name":"(anonymous_1)","decl":{"start":{"line":5,"column":2},"end":{"line":5,"column":3}},"loc":{"start":{"line":5,"column":11},"end":{"line":16,"column":3}},"line":5},"2":{"name":"(anonymous_2)","decl":{"start":{"line":17,"column":2},"end":{"line":17,"column":3}},"loc":{"start":{"line":17,"column":28},"end":{"line":19,"column":3}},"line":17},"3":{"name":"(anonymous_3)","decl":{"start":{"line":20,"column":2},"end":{"line":20,"column":3}},"loc":{"start":{"line":20,"column":26},"end":{"line":22,"column":3}},"line":20},"4":{"name":"(anonymous_4)","decl":{"start":{"line":24,"column":2},"end":{"line":24,"column":3}},"loc":{"start":{"line":24,"column":26},"end":{"line":26,"column":3}},"line":24},"5":{"name":"(anonymous_5)","decl":{"start":{"line":28,"column":2},"end":{"line":28,"column":3}},"loc":{"start":{"line":28,"column":26},"end":{"line":30,"column":3}},"line":28},"6":{"name":"(anonymous_6)","decl":{"start":{"line":32,"column":2},"end":{"line":32,"column":3}},"loc":{"start":{"line":32,"column":15},"end":{"line":34,"column":3}},"line":32},"7":{"name":"(anonymous_7)","decl":{"start":{"line":36,"column":2},"end":{"line":36,"column":3}},"loc":{"start":{"line":36,"column":18},"end":{"line":38,"column":3}},"line":36}},"branchMap":{"0":{"loc":{"start":{"line":7,"column":4},"end":{"line":15,"column":38}},"type":"cond-expr","locations":[{"start":{"line":8,"column":8},"end":{"line":8,"column":36}},{"start":{"line":9,"column":8},"end":{"line":15,"column":38}}],"line":7},"1":{"loc":{"start":{"line":7,"column":4},"end":{"line":7,"column":50}},"type":"binary-expr","locations":[{"start":{"line":7,"column":4},"end":{"line":7,"column":24}},{"start":{"line":7,"column":28},"end":{"line":7,"column":50}}],"line":7},"2":{"loc":{"start":{"line":9,"column":8},"end":{"line":15,"column":38}},"type":"cond-expr","locations":[{"start":{"line":10,"column":8},"end":{"line":10,"column":36}},{"start":{"line":11,"column":8},"end":{"line":15,"column":38}}],"line":9},"3":{"loc":{"start":{"line":9,"column":8},"end":{"line":9,"column":55}},"type":"binary-expr","locations":[{"start":{"line":9,"column":8},"end":{"line":9,"column":29}},{"start":{"line":9,"column":33},"end":{"line":9,"column":55}}],"line":9},"4":{"loc":{"start":{"line":11,"column":8},"end":{"line":15,"column":38}},"type":"cond-expr","locations":[{"start":{"line":12,"column":8},"end":{"line":12,"column":36}},{"start":{"line":13,"column":8},"end":{"line":15,"column":38}}],"line":11},"5":{"loc":{"start":{"line":11,"column":8},"end":{"line":11,"column":56}},"type":"binary-expr","locations":[{"start":{"line":11,"column":8},"end":{"line":11,"column":30}},{"start":{"line":11,"column":34},"end":{"line":11,"column":56}}],"line":11},"6":{"loc":{"start":{"line":13,"column":8},"end":{"line":15,"column":38}},"type":"cond-expr","locations":[{"start":{"line":14,"column":8},"end":{"line":14,"column":25}},{"start":{"line":15,"column":8},"end":{"line":15,"column":38}}],"line":13},"7":{"loc":{"start":{"line":18,"column":4},"end":{"line":18,"column":75}},"type":"cond-expr","locations":[{"start":{"line":18,"column":29},"end":{"line":18,"column":51}},{"start":{"line":18,"column":55},"end":{"line":18,"column":75}}],"line":18}},"s":{"0":8,"1":8,"2":8,"3":3,"4":1,"5":2,"6":1,"7":1,"8":1,"9":1},"f":{"0":8,"1":8,"2":3,"3":1,"4":2,"5":1,"6":1,"7":1},"b":{"0":[1,7],"1":[8,1],"2":[1,6],"3":[7,1],"4":[2,4],"5":[6,3],"6":[1,3],"7":[2,1]},"_coverageSchema":"1a1c01bbd47fc00a2c39e90264f33305004495a9","hash":"46ca12d71ba0d9580786d394e8c1e439af521fbf"}
,"/Users/joe/Documents/GildedRose-Refactoring-Kata/src/sulfaras.js": {"path":"/Users/joe/Documents/GildedRose-Refactoring-Kata/src/sulfaras.js","statementMap":{"0":{"start":{"line":3,"column":4},"end":{"line":3,"column":21}},"1":{"start":{"line":6,"column":4},"end":{"line":6,"column":26}},"2":{"start":{"line":7,"column":4},"end":{"line":7,"column":27}},"3":{"start":{"line":11,"column":0},"end":{"line":11,"column":26}}},"fnMap":{"0":{"name":"(anonymous_0)","decl":{"start":{"line":2,"column":2},"end":{"line":2,"column":3}},"loc":{"start":{"line":2,"column":20},"end":{"line":4,"column":3}},"line":2},"1":{"name":"(anonymous_1)","decl":{"start":{"line":5,"column":2},"end":{"line":5,"column":3}},"loc":{"start":{"line":5,"column":11},"end":{"line":8,"column":3}},"line":5}},"branchMap":{},"s":{"0":2,"1":2,"2":2,"3":1},"f":{"0":2,"1":2},"b":{},"_coverageSchema":"1a1c01bbd47fc00a2c39e90264f33305004495a9","hash":"beb1ae48df203e71a304778ec939a00d7ae8a49e"}
,"/Users/joe/Documents/GildedRose-Refactoring-Kata/src/updateItem.js": {"path":"/Users/joe/Documents/GildedRose-Refactoring-Kata/src/updateItem.js","statementMap":{"0":{"start":{"line":1,"column":17},"end":{"line":1,"column":38}},"1":{"start":{"line":2,"column":21},"end":{"line":2,"column":46}},"2":{"start":{"line":3,"column":13},"end":{"line":3,"column":30}},"3":{"start":{"line":4,"column":18},"end":{"line":4,"column":40}},"4":{"start":{"line":5,"column":17},"end":{"line":5,"column":41}},"5":{"start":{"line":9,"column":4},"end":{"line":9,"column":21}},"6":{"start":{"line":10,"column":4},"end":{"line":10,"column":26}},"7":{"start":{"line":11,"column":4},"end":{"line":11,"column":30}},"8":{"start":{"line":12,"column":4},"end":{"line":12,"column":32}},"9":{"start":{"line":16,"column":4},"end":{"line":16,"column":40}},"10":{"start":{"line":17,"column":4},"end":{"line":25,"column":26}},"11":{"start":{"line":29,"column":25},"end":{"line":29,"column":52}},"12":{"start":{"line":30,"column":4},"end":{"line":30,"column":26}},"13":{"start":{"line":34,"column":17},"end":{"line":34,"column":36}},"14":{"start":{"line":35,"column":4},"end":{"line":35,"column":18}},"15":{"start":{"line":39,"column":22},"end":{"line":39,"column":46}},"16":{"start":{"line":40,"column":4},"end":{"line":40,"column":23}},"17":{"start":{"line":44,"column":21},"end":{"line":44,"column":44}},"18":{"start":{"line":45,"column":4},"end":{"line":45,"column":22}},"19":{"start":{"line":49,"column":21},"end":{"line":49,"column":44}},"20":{"start":{"line":50,"column":4},"end":{"line":50,"column":22}},"21":{"start":{"line":54,"column":0},"end":{"line":54,"column":28}}},"fnMap":{"0":{"name":"(anonymous_0)","decl":{"start":{"line":8,"column":2},"end":{"line":8,"column":3}},"loc":{"start":{"line":8,"column":20},"end":{"line":13,"column":3}},"line":8},"1":{"name":"(anonymous_1)","decl":{"start":{"line":15,"column":2},"end":{"line":15,"column":3}},"loc":{"start":{"line":15,"column":17},"end":{"line":26,"column":3}},"line":15},"2":{"name":"(anonymous_2)","decl":{"start":{"line":28,"column":2},"end":{"line":28,"column":3}},"loc":{"start":{"line":28,"column":15},"end":{"line":31,"column":3}},"line":28},"3":{"name":"(anonymous_3)","decl":{"start":{"line":33,"column":2},"end":{"line":33,"column":3}},"loc":{"start":{"line":33,"column":15},"end":{"line":36,"column":3}},"line":33},"4":{"name":"(anonymous_4)","decl":{"start":{"line":38,"column":2},"end":{"line":38,"column":3}},"loc":{"start":{"line":38,"column":20},"end":{"line":41,"column":3}},"line":38},"5":{"name":"(anonymous_5)","decl":{"start":{"line":43,"column":2},"end":{"line":43,"column":3}},"loc":{"start":{"line":43,"column":19},"end":{"line":46,"column":3}},"line":43},"6":{"name":"(anonymous_6)","decl":{"start":{"line":48,"column":2},"end":{"line":48,"column":3}},"loc":{"start":{"line":48,"column":19},"end":{"line":51,"column":3}},"line":48}},"branchMap":{"0":{"loc":{"start":{"line":17,"column":4},"end":{"line":25,"column":25}},"type":"cond-expr","locations":[{"start":{"line":18,"column":8},"end":{"line":18,"column":29}},{"start":{"line":19,"column":8},"end":{"line":25,"column":25}}],"line":17},"1":{"loc":{"start":{"line":19,"column":8},"end":{"line":25,"column":25}},"type":"cond-expr","locations":[{"start":{"line":20,"column":8},"end":{"line":20,"column":30}},{"start":{"line":21,"column":8},"end":{"line":25,"column":25}}],"line":19},"2":{"loc":{"start":{"line":21,"column":8},"end":{"line":25,"column":25}},"type":"cond-expr","locations":[{"start":{"line":22,"column":8},"end":{"line":22,"column":25}},{"start":{"line":23,"column":8},"end":{"line":25,"column":25}}],"line":21},"3":{"loc":{"start":{"line":23,"column":8},"end":{"line":25,"column":25}},"type":"cond-expr","locations":[{"start":{"line":24,"column":8},"end":{"line":24,"column":29}},{"start":{"line":25,"column":8},"end":{"line":25,"column":25}}],"line":23}},"s":{"0":1,"1":1,"2":1,"3":1,"4":1,"5":21,"6":21,"7":21,"8":21,"9":21,"10":21,"11":8,"12":8,"13":4,"14":4,"15":5,"16":5,"17":2,"18":2,"19":2,"20":2,"21":1},"f":{"0":21,"1":21,"2":8,"3":4,"4":5,"5":2,"6":2},"b":{"0":[2,19],"1":[5,14],"2":[4,10],"3":[2,8]},"_coverageSchema":"1a1c01bbd47fc00a2c39e90264f33305004495a9","hash":"aa353a4178e2ba6e9e7b19fe3e3d0c93d763b09f"}
}
