TN:
SF:src/backstage.js
FN:2,(anonymous_0)
FN:6,(anonymous_1)
FN:19,(anonymous_2)
FN:22,(anonymous_3)
FN:26,(anonymous_4)
FN:30,(anonymous_5)
FN:34,(anonymous_6)
FNF:7
FNH:7
FNDA:5,(anonymous_0)
FNDA:5,(anonymous_1)
FNDA:1,(anonymous_2)
FNDA:1,(anonymous_3)
FNDA:1,(anonymous_4)
FNDA:1,(anonymous_5)
FNDA:1,(anonymous_6)
DA:3,5
DA:7,5
DA:8,5
DA:20,1
DA:23,1
DA:27,1
DA:31,1
DA:35,1
DA:39,1
LF:9
LH:9
BRDA:8,0,0,1
BRDA:8,0,1,4
BRDA:8,1,0,5
BRDA:8,1,1,1
BRDA:10,2,0,1
BRDA:10,2,1,3
BRDA:10,3,0,4
BRDA:10,3,1,1
BRDA:12,4,0,1
BRDA:12,4,1,2
BRDA:12,5,0,3
BRDA:12,5,1,1
BRDA:14,6,0,1
BRDA:14,6,1,1
BRF:14
BRH:14
end_of_record
TN:
SF:src/brie.js
FN:2,(anonymous_0)
FN:6,(anonymous_1)
FN:17,(anonymous_2)
FN:21,(anonymous_3)
FN:25,(anonymous_4)
FN:29,(anonymous_5)
FNF:6
FNH:6
FNDA:4,(anonymous_0)
FNDA:4,(anonymous_1)
FNDA:1,(anonymous_2)
FNDA:1,(anonymous_3)
FNDA:1,(anonymous_4)
FNDA:1,(anonymous_5)
DA:3,4
DA:7,4
DA:8,4
DA:18,1
DA:22,1
DA:26,1
DA:30,1
DA:33,1
LF:8
LH:8
BRDA:8,0,0,1
BRDA:8,0,1,3
BRDA:8,1,0,4
BRDA:8,1,1,1
BRDA:10,2,0,1
BRDA:10,2,1,2
BRDA:10,3,0,3
BRDA:10,3,1,2
BRDA:12,4,0,1
BRDA:12,4,1,1
BRF:10
BRH:10
end_of_record
TN:
SF:src/conjured.js
FN:2,(anonymous_0)
FN:5,(anonymous_1)
FNF:2
FNH:2
FNDA:2,(anonymous_0)
FNDA:2,(anonymous_1)
DA:3,2
DA:6,2
DA:7,2
DA:11,1
LF:4
LH:4
BRDA:7,0,0,1
BRDA:7,0,1,1
BRF:2
BRH:2
end_of_record
TN:
SF:src/item.js
FN:2,(anonymous_0)
FNF:1
FNH:1
FNDA:21,(anonymous_0)
DA:3,21
DA:4,21
DA:5,21
DA:9,1
LF:4
LH:4
BRF:0
BRH:0
end_of_record
TN:
SF:src/standardItem.js
FN:2,(anonymous_0)
FN:5,(anonymous_1)
FN:17,(anonymous_2)
FN:20,(anonymous_3)
FN:24,(anonymous_4)
FN:28,(anonymous_5)
FN:32,(anonymous_6)
FN:36,(anonymous_7)
FNF:8
FNH:8
FNDA:8,(anonymous_0)
FNDA:8,(anonymous_1)
FNDA:3,(anonymous_2)
FNDA:1,(anonymous_3)
FNDA:2,(anonymous_4)
FNDA:1,(anonymous_5)
FNDA:1,(anonymous_6)
FNDA:1,(anonymous_7)
DA:3,8
DA:6,8
DA:7,8
DA:18,3
DA:21,1
DA:25,2
DA:29,1
DA:33,1
DA:37,1
DA:41,1
LF:10
LH:10
BRDA:7,0,0,1
BRDA:7,0,1,7
BRDA:7,1,0,8
BRDA:7,1,1,1
BRDA:9,2,0,1
BRDA:9,2,1,6
BRDA:9,3,0,7
BRDA:9,3,1,1
BRDA:11,4,0,2
BRDA:11,4,1,4
BRDA:11,5,0,6
BRDA:11,5,1,3
BRDA:13,6,0,1
BRDA:13,6,1,3
BRDA:18,7,0,2
BRDA:18,7,1,1
BRF:16
BRH:16
end_of_record
TN:
SF:src/sulfaras.js
FN:2,(anonymous_0)
FN:5,(anonymous_1)
FNF:2
FNH:2
FNDA:2,(anonymous_0)
FNDA:2,(anonymous_1)
DA:3,2
DA:6,2
DA:7,2
DA:11,1
LF:4
LH:4
BRF:0
BRH:0
end_of_record
TN:
SF:src/updateItem.js
FN:8,(anonymous_0)
FN:15,(anonymous_1)
FN:28,(anonymous_2)
FN:33,(anonymous_3)
FN:38,(anonymous_4)
FN:43,(anonymous_5)
FN:48,(anonymous_6)
FNF:7
FNH:7
FNDA:21,(anonymous_0)
FNDA:21,(anonymous_1)
FNDA:8,(anonymous_2)
FNDA:4,(anonymous_3)
FNDA:5,(anonymous_4)
FNDA:2,(anonymous_5)
FNDA:2,(anonymous_6)
DA:1,1
DA:2,1
DA:3,1
DA:4,1
DA:5,1
DA:9,21
DA:10,21
DA:11,21
DA:12,21
DA:16,21
DA:17,21
DA:29,8
DA:30,8
DA:34,4
DA:35,4
DA:39,5
DA:40,5
DA:44,2
DA:45,2
DA:49,2
DA:50,2
DA:54,1
LF:22
LH:22
BRDA:17,0,0,2
BRDA:17,0,1,19
BRDA:19,1,0,5
BRDA:19,1,1,14
BRDA:21,2,0,4
BRDA:21,2,1,10
BRDA:23,3,0,2
BRDA:23,3,1,8
BRF:8
BRH:8
end_of_record
